
Showing logs for build [32mcb-kubecd-bdd-gh-1584718432-pr-zbgg2-1[0m stage [32mfrom-build-pack[0m and container [32mstep-credential-initializer-g5gbk[0m
{"level":"warn","ts":1584721927.6964438,"logger":"fallback-logger","caller":"logging/config.go:69","msg":"Fetch GitHub commit ID from kodata failed: \"ref: refs/heads/0.8.0-**-support-backwards-incompats\" is not a valid GitHub commit ID"}
{"level":"info","ts":1584721927.696698,"logger":"fallback-logger","caller":"creds-init/main.go:40","msg":"Credentials initialized."}

Showing logs for build [32mcb-kubecd-bdd-gh-1584718432-pr-zbgg2-1[0m stage [32mfrom-build-pack[0m and container [32mstep-working-dir-initializer-7jqpl[0m
{"level":"warn","ts":1584721928.9195592,"logger":"fallback-logger","caller":"logging/config.go:69","msg":"Fetch GitHub commit ID from kodata failed: open /var/run/ko/HEAD: no such file or directory"}
{"level":"info","ts":1584721928.9204223,"logger":"fallback-logger","caller":"bash/main.go:64","msg":"Successfully executed command \"sh -c mkdir -p /workspace/source\"; output "}

Showing logs for build [32mcb-kubecd-bdd-gh-1584718432-pr-zbgg2-1[0m stage [32mfrom-build-pack[0m and container [32mstep-place-tools[0m

Showing logs for build [32mcb-kubecd-bdd-gh-1584718432-pr-zbgg2-1[0m stage [32mfrom-build-pack[0m and container [32mstep-git-source-cb-kubecd-bdd-gh-1584718432-pr-zbgg2-qcgsv[0m
{"level":"warn","ts":1584721935.0241475,"logger":"fallback-logger","caller":"logging/config.go:69","msg":"Fetch GitHub commit ID from kodata failed: \"ref: refs/heads/0.8.0-**-support-backwards-incompats\" is not a valid GitHub commit ID"}
{"level":"info","ts":1584721935.2292876,"logger":"fallback-logger","caller":"git/git.go:103","msg":"Successfully cloned https://github.com/cb-kubecd/bdd-gh-1584718432.git @ master in path /workspace/source"}

Showing logs for build [32mcb-kubecd-bdd-gh-1584718432-pr-zbgg2-1[0m stage [32mfrom-build-pack[0m and container [32mstep-git-merge[0m
Using SHAs from PULL_REFS=master:912bc56c7a429253e1057706464f6cf31250a8ac,1:3e9c8fa2537a339d2e153c39a08292a73f603cb1
DEBUG: LC_ALL=C JX_LOG_LEVEL=error git fetch origin --unshallow 3e9c8fa2537a339d2e153c39a08292a73f603cb1: 912bc56c7a429253e1057706464f6cf31250a8ac:
DEBUG: ran git fetch --unshallow origin 3e9c8fa2537a339d2e153c39a08292a73f603cb1: 912bc56c7a429253e1057706464f6cf31250a8ac: in 
DEBUG: LC_ALL=C JX_LOG_LEVEL=error git branch
DEBUG: LC_ALL=C JX_LOG_LEVEL=error git checkout master
DEBUG: ran git checkout master in 
DEBUG: LC_ALL=C JX_LOG_LEVEL=error git reset --hard 912bc56c7a429253e1057706464f6cf31250a8ac
DEBUG: ran git reset --hard 912bc56c7a429253e1057706464f6cf31250a8ac in 
DEBUG: LC_ALL=C JX_LOG_LEVEL=error git clean -fd .
DEBUG: ran clean --force -d . in 
DEBUG: JX_LOG_LEVEL=error LC_ALL=C git merge 3e9c8fa2537a339d2e153c39a08292a73f603cb1
DEBUG: ran git merge 3e9c8fa2537a339d2e153c39a08292a73f603cb1 in 
DEBUG: LC_ALL=C JX_LOG_LEVEL=error git log --format=%H%x1f%an%x1f%ae%x1f%cn%x1f%ce%x1f%s%n%b%x1e 912bc56c7a429253e1057706464f6cf31250a8ac..HEAD
Merged SHA 3e9c8fa2537a339d2e153c39a08292a73f603cb1 with commit message 'My first PR commit' into base branch master

Showing logs for build [32mcb-kubecd-bdd-gh-1584718432-pr-zbgg2-1[0m stage [32mfrom-build-pack[0m and container [32mstep-build-make-linux[0m
CGO_ENABLED=0 GOOS=linux GOARCH=amd64 GO15VENDOREXPERIMENT=1 go build -ldflags '' -o bin/bdd-gh-1584718432 main.go

Showing logs for build [32mcb-kubecd-bdd-gh-1584718432-pr-zbgg2-1[0m stage [32mfrom-build-pack[0m and container [32mstep-build-container-build[0m
[36mINFO[0m[0000] No base image, nothing to extract            
[36mINFO[0m[0000] cmd: EXPOSE                                  
[36mINFO[0m[0000] Adding exposed port: 8080/tcp                
[36mINFO[0m[0000] Using files from context: [/workspace/source/bin] 
[36mINFO[0m[0000] Skipping unpacking as no commands require it. 
[36mINFO[0m[0000] Taking snapshot of full filesystem...        
[36mINFO[0m[0000] EXPOSE 8080                                  
[36mINFO[0m[0000] cmd: EXPOSE                                  
[36mINFO[0m[0000] Adding exposed port: 8080/tcp                
[36mINFO[0m[0000] No files changed in this command, skipping snapshotting. 
[36mINFO[0m[0000] ENTRYPOINT ["/bdd-gh-1584718432"]            
[36mINFO[0m[0000] No files changed in this command, skipping snapshotting. 
[36mINFO[0m[0000] Using files from context: [/workspace/source/bin] 
[36mINFO[0m[0000] COPY ./bin/ /                                
[36mINFO[0m[0000] Taking snapshot of files...                  
2020/03/20 16:32:26 pushed blob: sha256:49fc5db5070a410a9c2a3ebb1dae301e2661a0edb562c614f5054bc0fdfd1c7a
2020/03/20 16:32:27 pushed blob: sha256:e0db16ded8fba98482a591253f7f9794d8e78f3fe22db910b1ac112a9a9a73f7
2020/03/20 16:32:27 296178596335.dkr.ecr.us-east-1.amazonaws.com/cb-kubecd/bdd-gh-1584718432:0.0.0-SNAPSHOT-PR-1-1: digest: sha256:704ed4f7e433cf9a437274d89565e89101c92870b840ab10286d348e5f1fb40d size: 428

Showing logs for build [32mcb-kubecd-bdd-gh-1584718432-pr-zbgg2-1[0m stage [32mfrom-build-pack[0m and container [32mstep-postbuild-post-build[0m
no CVE provider running in the current ** namespace so skip adding image to be analysed

Showing logs for build [32mcb-kubecd-bdd-gh-1584718432-pr-zbgg2-1[0m stage [32mfrom-build-pack[0m and container [32mstep-promote-make-preview[0m
sed -i -e "s/version:.*/version: 0.0.0-SNAPSHOT-PR-1-1/" Chart.yaml
sed -i -e "s/version:.*/version: 0.0.0-SNAPSHOT-PR-1-1/" ../*/Chart.yaml
sed -i -e "s|repository:.*|repository: 296178596335.dkr.ecr.us-east-1.amazonaws.com\/cb-kubecd\/bdd-gh-1584718432|" values.yaml
sed -i -e "s/tag:.*/tag: 0.0.0-SNAPSHOT-PR-1-1/" values.yaml
echo "  version: 0.0.0-SNAPSHOT-PR-1-1" >> requirements.yaml
** step helm build
WARNING: No $CHART_REPOSITORY defined so using the default value of: http://jenkins-x-chartmuseum:8080
Adding missing Helm repo: storage.googleapis.com https://storage.googleapis.com/chartmuseum.jenkins-x.io
WARNING: No secrets found on "helm/repos" due: reading the secret "helm/repos" from vault: no secret "helm/repos" not found in vault
Read credentials for https://storage.googleapis.com/chartmuseum.jenkins-x.io from vault helm/repos
Successfully added Helm repository storage.googleapis.com.
Adding missing Helm repo: jenkins-x-chartmuseum http://jenkins-x-chartmuseum:8080
WARNING: No secrets found on "helm/repos" due: reading the secret "helm/repos" from vault: no secret "helm/repos" not found in vault
Read credentials for http://jenkins-x-chartmuseum:8080 from vault helm/repos
Successfully added Helm repository jenkins-x-chartmuseum.
WARNING: No $CHART_REPOSITORY defined so using the default value of: http://jenkins-x-chartmuseum:8080
Adding missing Helm repo: chartmuseum.jenkins-x.io http://chartmuseum.jenkins-x.io
WARNING: No secrets found on "helm/repos" due: reading the secret "helm/repos" from vault: no secret "helm/repos" not found in vault
Read credentials for http://chartmuseum.jenkins-x.io from vault helm/repos
Successfully added Helm repository chartmuseum.jenkins-x.io.

Showing logs for build [32mcb-kubecd-bdd-gh-1584718432-pr-zbgg2-1[0m stage [32mfrom-build-pack[0m and container [32mstep-promote-jx-preview[0m
Creating a preview
Created environment cb-kubecd-bdd-gh-1584718432-pr-1
Namespace **-cb-kubecd-bdd-gh-1584718432-pr-1 created 
expose:
  Annotations:
    helm.sh/hook: post-install,post-upgrade
    helm.sh/hook-delete-policy: hook-succeeded
  config:
    domain: 3.224.124.13.nip.io
    exposer: Ingress
    http: "true"
preview:
  image:
    repository: 296178596335.dkr.ecr.us-east-1.amazonaws.com/cb-kubecd/bdd-gh-1584718432
    tag: 0.0.0-SNAPSHOT-PR-1-1

Updating PipelineActivities cb-kubecd-bdd-gh-1584718432-pr-1-1 which has status 
Preview application is now available at: http://bdd-gh-1584718432.**-cb-kubecd-bdd-gh-1584718432-pr-1.3.224.124.13.nip.io
